<?xml version="1.0" encoding="UTF-8"?>
<testsuite xmlns:xsi="http://www.w3.org/2001/XMLSchema-instance" xsi:noNamespaceSchemaLocation="https://maven.apache.org/surefire/maven-surefire-plugin/xsd/surefire-test-report.xsd" version="3.0.2" name="demo.FullFlowTest" time="8.75" tests="10" errors="0" skipped="0" failures="0">
  <properties>
[...]
</properties>
  <testcase name="login_student_returnsToken" classname="demo.FullFlowTest" time="1.149">
    <system-out><![CDATA[12:28:02.989 [main] INFO org.springframework.test.context.support.AnnotationConfigContextLoaderUtils -- Could not detect default configuration classes for test class [demo.FullFlowTest]: FullFlowTest does not declare any static, non-private, non-final, nested classes annotated with @Configuration.
12:28:03.106 [main] INFO org.springframework.boot.test.context.SpringBootTestContextBootstrapper -- Found @SpringBootConfiguration demo.DemoApp for test class demo.FullFlowTest

  .   ____          _            __ _ _
 /\\ / ___'_ __ _ _(_)_ __  __ _ \ \ \ \
( ( )\___ | '_ | '_| | '_ \/ _` | \ \ \ \
 \\/  ___)| |_)| | | | | || (_| |  ) ) ) )
  '  |____| .__|_| |_|_| |_\__, | / / / /
 =========|_|==============|___/=/_/_/_/

 :: Spring Boot ::                (v4.0.1)

2026-03-10T12:28:03.512+01:00  INFO 21564 --- [           main] demo.FullFlowTest                        : Starting FullFlowTest using Java 25 with PID 21564 (started by bagia in C:\Users\bagia\Desktop\S2\Cours\Architecture\Projet\SoftwareArchitectureProject_2026_Groupe5)
2026-03-10T12:28:03.514+01:00  INFO 21564 --- [           main] demo.FullFlowTest                        : No active profile set, falling back to 1 default profile: "default"
2026-03-10T12:28:04.521+01:00  INFO 21564 --- [           main] .s.d.r.c.RepositoryConfigurationDelegate : Bootstrapping Spring Data JPA repositories in DEFAULT mode.
2026-03-10T12:28:04.589+01:00  INFO 21564 --- [           main] .s.d.r.c.RepositoryConfigurationDelegate : Finished Spring Data repository scanning in 59 ms. Found 5 JPA repository interfaces.
2026-03-10T12:28:05.015+01:00  INFO 21564 --- [           main] com.zaxxer.hikari.HikariDataSource       : HikariPool-1 - Starting...
2026-03-10T12:28:05.223+01:00  INFO 21564 --- [           main] com.zaxxer.hikari.pool.HikariPool        : HikariPool-1 - Added connection conn0: url=jdbc:h2:mem:e8c891fe-bfb1-4917-ac49-5d97f372fc01 user=SA
2026-03-10T12:28:05.224+01:00  INFO 21564 --- [           main] com.zaxxer.hikari.HikariDataSource       : HikariPool-1 - Start completed.
2026-03-10T12:28:05.375+01:00  INFO 21564 --- [           main] org.hibernate.orm.jpa                    : HHH008540: Processing PersistenceUnitInfo [name: default]
2026-03-10T12:28:05.469+01:00  INFO 21564 --- [           main] org.hibernate.orm.core                   : HHH000001: Hibernate ORM core version 7.2.0.Final
2026-03-10T12:28:06.061+01:00  INFO 21564 --- [           main] o.s.o.j.p.SpringPersistenceUnitInfo      : No LoadTimeWeaver setup: ignoring JPA class transformer
2026-03-10T12:28:06.154+01:00  INFO 21564 --- [           main] org.hibernate.orm.connections.pooling    : HHH10001005: Database info:
	Database JDBC URL [jdbc:h2:mem:e8c891fe-bfb1-4917-ac49-5d97f372fc01]
	Database driver: H2 JDBC Driver
	Database dialect: H2Dialect
	Database version: 2.4.240
	Default catalog/schema: E8C891FE-BFB1-4917-AC49-5D97F372FC01/PUBLIC
	Autocommit mode: undefined/unknown
	Isolation level: READ_COMMITTED [default READ_COMMITTED]
	JDBC fetch size: 100
	Pool: DataSourceConnectionProvider
	Minimum pool size: undefined/unknown
	Maximum pool size: undefined/unknown
2026-03-10T12:28:07.488+01:00  INFO 21564 --- [           main] org.hibernate.orm.core                   : HHH000489: No JTA platform available (set 'hibernate.transaction.jta.platform' to enable JTA platform integration)
2026-03-10T12:28:07.561+01:00  INFO 21564 --- [           main] j.LocalContainerEntityManagerFactoryBean : Initialized JPA EntityManagerFactory for persistence unit 'default'
2026-03-10T12:28:07.686+01:00  INFO 21564 --- [           main] o.s.d.j.r.query.QueryEnhancerFactories   : Hibernate is in classpath; If applicable, HQL parser will be used.
2026-03-10T12:28:08.968+01:00  WARN 21564 --- [           main] JpaBaseConfiguration$JpaWebConfiguration : spring.jpa.open-in-view is enabled by default. Therefore, database queries may be performed during view rendering. Explicitly configure spring.jpa.open-in-view to disable this warning
2026-03-10T12:28:09.689+01:00  INFO 21564 --- [           main] demo.FullFlowTest                        : Started FullFlowTest in 6.448 seconds (process running for 7.882)
]]></system-out>
    <system-err><![CDATA[Mockito is currently self-attaching to enable the inline-mock-maker. This will no longer work in future releases of the JDK. Please add Mockito as an agent to your build as described in Mockito's documentation: https://javadoc.io/doc/org.mockito/mockito-core/latest/org.mockito/org/mockito/Mockito.html#0.3
WARNING: A Java agent has been loaded dynamically (C:\Users\bagia\.m2\repository\net\bytebuddy\byte-buddy-agent\1.17.8\byte-buddy-agent-1.17.8.jar)
WARNING: If a serviceability tool is in use, please run with -XX:+EnableDynamicAgentLoading to hide this warning
WARNING: If a serviceability tool is not in use, please run with -Djdk.instrument.traceUsage for more information
WARNING: Dynamic loading of agents will be disallowed by default in a future release
]]></system-err>
  </testcase>
  <testcase name="login_admin_returnsToken" classname="demo.FullFlowTest" time="0.1"/>
  <testcase name="login_wrongPassword_throwsException" classname="demo.FullFlowTest" time="0.095"/>
  <testcase name="validate_validToken_returnsTrue" classname="demo.FullFlowTest" time="0.012"/>
  <testcase name="validate_fakeToken_returnsFalse" classname="demo.FullFlowTest" time="0.007"/>
  <testcase name="getProducts_returnsList" classname="demo.FullFlowTest" time="0.008"/>
  <testcase name="register_newUser_createsUser" classname="demo.FullFlowTest" time="0.188"/>
  <testcase name="register_existingUser_throwsException" classname="demo.FullFlowTest" time="0.012"/>
  <testcase name="logout_doesNotThrow" classname="demo.FullFlowTest" time="0.175"/>
  <testcase name="getUsers_containsExpectedUsers" classname="demo.FullFlowTest" time="0.043"/>
</testsuite>